# JRE version: Java(TM) SE Runtime Environment (8.0_05-b13) (build 1.8.0_05-b13)
# Java VM: Java HotSpot(TM) 64-Bit Server VM (25.5-b02 mixed mode windows-amd64 compressed oops)
Heap:
 PSYoungGen      total 2560K, used 2008K [0x00000000d8400000, 0x00000000d8b00000, 0x0000000100000000)
  eden space 2048K, 73% used [0x00000000d8400000,0x00000000d85761e8,0x00000000d8600000)
  from space 512K, 100% used [0x00000000d8600000,0x00000000d8680000,0x00000000d8680000)
  to   space 1536K, 0% used [0x00000000d8980000,0x00000000d8980000,0x00000000d8b00000)
 ParOldGen       total 121344K, used 1269K [0x0000000088c00000, 0x0000000090280000, 0x00000000d8400000)
  object space 121344K, 1% used [0x0000000088c00000,0x0000000088d3d538,0x0000000090280000)
 Metaspace       used 6427K, capacity 6544K, committed 6656K, reserved 1056768K
  class space    used 676K, capacity 688K, committed 768K, reserved 1048576K
GC Heap History (10 events):
Event: 0.146 GC heap before
{Heap before GC invocations=1 (full 0):
 PSYoungGen      total 1024K, used 506K [0x00000000d8400000, 0x00000000d8580000, 0x0000000100000000)
  eden space 512K, 98% used [0x00000000d8400000,0x00000000d847e818,0x00000000d8480000)
  from space 512K, 0% used [0x00000000d8500000,0x00000000d8500000,0x00000000d8580000)
  to   space 512K, 0% used [0x00000000d8480000,0x00000000d8480000,0x00000000d8500000)
 ParOldGen       total 121344K, used 0K [0x0000000088c00000, 0x0000000090280000, 0x00000000d8400000)
  object space 121344K, 0% used [0x0000000088c00000,0x0000000088c00000,0x0000000090280000)
 Metaspace       used 2742K, capacity 4490K, committed 4864K, reserved 1056768K
  class space    used 318K, capacity 386K, committed 512K, reserved 1048576K
Event: 0.148 GC heap after
Heap after GC invocations=1 (full 0):
 PSYoungGen      total 1024K, used 464K [0x00000000d8400000, 0x00000000d8600000, 0x0000000100000000)
  eden space 512K, 0% used [0x00000000d8400000,0x00000000d8400000,0x00000000d8480000)
  from space 512K, 90% used [0x00000000d8480000,0x00000000d84f4010,0x00000000d8500000)
  to   space 512K, 0% used [0x00000000d8580000,0x00000000d8580000,0x00000000d8600000)
 ParOldGen       total 121344K, used 8K [0x0000000088c00000, 0x0000000090280000, 0x00000000d8400000)
  object space 121344K, 0% used [0x0000000088c00000,0x0000000088c02000,0x0000000090280000)
 Metaspace       used 2742K, capacity 4490K, committed 4864K, reserved 1056768K
  class space    used 318K, capacity 386K, committed 512K, reserved 1048576K
}
Event: 0.197 GC heap before
{Heap before GC invocations=2 (full 0):
 PSYoungGen      total 1024K, used 976K [0x00000000d8400000, 0x00000000d8600000, 0x0000000100000000)
  eden space 512K, 100% used [0x00000000d8400000,0x00000000d8480000,0x00000000d8480000)
  from space 512K, 90% used [0x00000000d8480000,0x00000000d84f4010,0x00000000d8500000)
  to   space 512K, 0% used [0x00000000d8580000,0x00000000d8580000,0x00000000d8600000)
 ParOldGen       total 121344K, used 8K [0x0000000088c00000, 0x0000000090280000, 0x00000000d8400000)
  object space 121344K, 0% used [0x0000000088c00000,0x0000000088c02000,0x0000000090280000)
 Metaspace       used 3339K, capacity 4504K, committed 4864K, reserved 1056768K
  class space    used 389K, capacity 392K, committed 512K, reserved 1048576K
Event: 0.198 GC heap after
Heap after GC invocations=2 (full 0):
 PSYoungGen      total 1536K, used 496K [0x00000000d8400000, 0x00000000d8600000, 0x0000000100000000)
  eden space 1024K, 0% used [0x00000000d8400000,0x00000000d8400000,0x00000000d8500000)
  from space 512K, 96% used [0x00000000d8580000,0x00000000d85fc010,0x00000000d8600000)
  to   space 512K, 0% used [0x00000000d8500000,0x00000000d8500000,0x00000000d8580000)
 ParOldGen       total 121344K, used 144K [0x0000000088c00000, 0x0000000090280000, 0x00000000d8400000)
  object space 121344K, 0% used [0x0000000088c00000,0x0000000088c24000,0x0000000090280000)
 Metaspace       used 3339K, capacity 4504K, committed 4864K, reserved 1056768K
  class space    used 389K, capacity 392K, committed 512K, reserved 1048576K
}
Event: 0.271 GC heap before
{Heap before GC invocations=3 (full 0):
 PSYoungGen      total 1536K, used 1496K [0x00000000d8400000, 0x00000000d8600000, 0x0000000100000000)
  eden space 1024K, 97% used [0x00000000d8400000,0x00000000d84fa0b0,0x00000000d8500000)
  from space 512K, 96% used [0x00000000d8580000,0x00000000d85fc010,0x00000000d8600000)
  to   space 512K, 0% used [0x00000000d8500000,0x00000000d8500000,0x00000000d8580000)
 ParOldGen       total 121344K, used 144K [0x0000000088c00000, 0x0000000090280000, 0x00000000d8400000)
  object space 121344K, 0% used [0x0000000088c00000,0x0000000088c24000,0x0000000090280000)
 Metaspace       used 3784K, capacity 4704K, committed 4864K, reserved 1056768K
  class space    used 432K, capacity 464K, committed 512K, reserved 1048576K
Event: 0.273 GC heap after
Heap after GC invocations=3 (full 0):
 PSYoungGen      total 1536K, used 496K [0x00000000d8400000, 0x00000000d8700000, 0x0000000100000000)
  eden space 1024K, 0% used [0x00000000d8400000,0x00000000d8400000,0x00000000d8500000)
  from space 512K, 96% used [0x00000000d8500000,0x00000000d857c010,0x00000000d8580000)
  to   space 512K, 0% used [0x00000000d8680000,0x00000000d8680000,0x00000000d8700000)
 ParOldGen       total 121344K, used 562K [0x0000000088c00000, 0x0000000090280000, 0x00000000d8400000)
  object space 121344K, 0% used [0x0000000088c00000,0x0000000088c8c9f8,0x0000000090280000)
 Metaspace       used 3784K, capacity 4704K, committed 4864K, reserved 1056768K
  class space    used 432K, capacity 464K, committed 512K, reserved 1048576K
}
Event: 0.299 GC heap before
{Heap before GC invocations=4 (full 0):
 PSYoungGen      total 1536K, used 1481K [0x00000000d8400000, 0x00000000d8700000, 0x0000000100000000)
  eden space 1024K, 96% used [0x00000000d8400000,0x00000000d84f64d8,0x00000000d8500000)
  from space 512K, 96% used [0x00000000d8500000,0x00000000d857c010,0x00000000d8580000)
  to   space 512K, 0% used [0x00000000d8680000,0x00000000d8680000,0x00000000d8700000)
 ParOldGen       total 121344K, used 562K [0x0000000088c00000, 0x0000000090280000, 0x00000000d8400000)
  object space 121344K, 0% used [0x0000000088c00000,0x0000000088c8c9f8,0x0000000090280000)
 Metaspace       used 4303K, capacity 5184K, committed 5376K, reserved 1056768K
  class space    used 458K, capacity 496K, committed 512K, reserved 1048576K
Event: 0.300 GC heap after
Heap after GC invocations=4 (full 0):
 PSYoungGen      total 2560K, used 493K [0x00000000d8400000, 0x00000000d8700000, 0x0000000100000000)
  eden space 2048K, 0% used [0x00000000d8400000,0x00000000d8400000,0x00000000d8600000)
  from space 512K, 96% used [0x00000000d8680000,0x00000000d86fb668,0x00000000d8700000)
  to   space 512K, 0% used [0x00000000d8600000,0x00000000d8600000,0x00000000d8680000)
 ParOldGen       total 121344K, used 720K [0x0000000088c00000, 0x0000000090280000, 0x00000000d8400000)
  object space 121344K, 0% used [0x0000000088c00000,0x0000000088cb4120,0x0000000090280000)
 Metaspace       used 4303K, capacity 5184K, committed 5376K, reserved 1056768K
  class space    used 458K, capacity 496K, committed 512K, reserved 1048576K
}
Event: 0.436 GC heap before
{Heap before GC invocations=5 (full 0):
 PSYoungGen      total 2560K, used 2541K [0x00000000d8400000, 0x00000000d8700000, 0x0000000100000000)
  eden space 2048K, 100% used [0x00000000d8400000,0x00000000d8600000,0x00000000d8600000)
  from space 512K, 96% used [0x00000000d8680000,0x00000000d86fb668,0x00000000d8700000)
  to   space 512K, 0% used [0x00000000d8600000,0x00000000d8600000,0x00000000d8680000)
 ParOldGen       total 121344K, used 720K [0x0000000088c00000, 0x0000000090280000, 0x00000000d8400000)
  object space 121344K, 0% used [0x0000000088c00000,0x0000000088cb4120,0x0000000090280000)
 Metaspace       used 5283K, capacity 5792K, committed 6016K, reserved 1056768K
  class space    used 550K, capacity 592K, committed 640K, reserved 1048576K
Event: 0.438 GC heap after
Heap after GC invocations=5 (full 0):
 PSYoungGen      total 2560K, used 512K [0x00000000d8400000, 0x00000000d8b00000, 0x0000000100000000)
  eden space 2048K, 0% used [0x00000000d8400000,0x00000000d8400000,0x00000000d8600000)
  from space 512K, 100% used [0x00000000d8600000,0x00000000d8680000,0x00000000d8680000)
  to   space 1536K, 0% used [0x00000000d8980000,0x00000000d8980000,0x00000000d8b00000)
 ParOldGen       total 121344K, used 1269K [0x0000000088c00000, 0x0000000090280000, 0x00000000d8400000)
  object space 121344K, 1% used [0x0000000088c00000,0x0000000088d3d538,0x0000000090280000)
 Metaspace       used 5283K, capacity 5792K, committed 6016K, reserved 1056768K
  class space    used 550K, capacity 592K, committed 640K, reserved 1048576K
}

